0 info it worked if it ends with ok
1 verbose cli [ '/Users/lilcare/.nvm/versions/node/v6.13.1/bin/node',
1 verbose cli   '/Users/lilcare/.nvm/versions/node/v6.13.1/bin/npm',
1 verbose cli   'run',
1 verbose cli   'seed-database' ]
2 info using npm@3.10.10
3 info using node@v6.13.1
4 verbose run-script [ 'preseed-database', 'seed-database', 'postseed-database' ]
5 info lifecycle soundclout-active-player-module@1.0.0~preseed-database: soundclout-active-player-module@1.0.0
6 silly lifecycle soundclout-active-player-module@1.0.0~preseed-database: no script for preseed-database, continuing
7 info lifecycle soundclout-active-player-module@1.0.0~seed-database: soundclout-active-player-module@1.0.0
8 verbose lifecycle soundclout-active-player-module@1.0.0~seed-database: unsafe-perm in lifecycle true
9 verbose lifecycle soundclout-active-player-module@1.0.0~seed-database: PATH: /Users/lilcare/.nvm/versions/node/v6.13.1/lib/node_modules/npm/bin/node-gyp-bin:/Users/lilcare/projects/fec/soundclout-active-player-module/node_modules/.bin:/Users/lilcare/.nvm/versions/node/v6.13.1/bin:/usr/bin:/bin:/usr/sbin:/sbin:/usr/local/bin:/opt/X11/bin:/Users/lilcare/.nvm/versions/node/v6.13.1/bin:/anaconda3/bin:/anaconda3/condabin
10 verbose lifecycle soundclout-active-player-module@1.0.0~seed-database: CWD: /Users/lilcare/projects/fec/soundclout-active-player-module
11 silly lifecycle soundclout-active-player-module@1.0.0~seed-database: Args: [ '-c', 'node database/seed.js' ]
12 silly lifecycle soundclout-active-player-module@1.0.0~seed-database: Returned: code: 1  signal: null
13 info lifecycle soundclout-active-player-module@1.0.0~seed-database: Failed to exec seed-database script
14 verbose stack Error: soundclout-active-player-module@1.0.0 seed-database: `node database/seed.js`
14 verbose stack Exit status 1
14 verbose stack     at EventEmitter.<anonymous> (/Users/lilcare/.nvm/versions/node/v6.13.1/lib/node_modules/npm/lib/utils/lifecycle.js:255:16)
14 verbose stack     at emitTwo (events.js:106:13)
14 verbose stack     at EventEmitter.emit (events.js:191:7)
14 verbose stack     at ChildProcess.<anonymous> (/Users/lilcare/.nvm/versions/node/v6.13.1/lib/node_modules/npm/lib/utils/spawn.js:40:14)
14 verbose stack     at emitTwo (events.js:106:13)
14 verbose stack     at ChildProcess.emit (events.js:191:7)
14 verbose stack     at maybeClose (internal/child_process.js:920:16)
14 verbose stack     at Process.ChildProcess._handle.onexit (internal/child_process.js:230:5)
15 verbose pkgid soundclout-active-player-module@1.0.0
16 verbose cwd /Users/lilcare/projects/fec/soundclout-active-player-module
17 error Darwin 17.7.0
18 error argv "/Users/lilcare/.nvm/versions/node/v6.13.1/bin/node" "/Users/lilcare/.nvm/versions/node/v6.13.1/bin/npm" "run" "seed-database"
19 error node v6.13.1
20 error npm  v3.10.10
21 error code ELIFECYCLE
22 error soundclout-active-player-module@1.0.0 seed-database: `node database/seed.js`
22 error Exit status 1
23 error Failed at the soundclout-active-player-module@1.0.0 seed-database script 'node database/seed.js'.
23 error Make sure you have the latest version of node.js and npm installed.
23 error If you do, this is most likely a problem with the soundclout-active-player-module package,
23 error not with npm itself.
23 error Tell the author that this fails on your system:
23 error     node database/seed.js
23 error You can get information on how to open an issue for this project with:
23 error     npm bugs soundclout-active-player-module
23 error Or if that isn't available, you can get their info via:
23 error     npm owner ls soundclout-active-player-module
23 error There is likely additional logging output above.
24 verbose exit [ 1, true ]
